{
  "RSpec": {
    "coverage": {
      "/Users/allisonnorthrop/ada/break_work/standalone-exercises/grocery_store/lib/product.rb": [
        1,
        null,
        1,
        1,
        1,
        null,
        1,
        3,
        3,
        3,
        3,
        3,
        null,
        null,
        null,
        1,
        null,
        null,
        null,
        1,
        null,
        null,
        null,
        1,
        null,
        null,
        null,
        null,
        null,
        null,
        null,
        null,
        null,
        null,
        1,
        1,
        1,
        1,
        1,
        null,
        1,
        1,
        null,
        1,
        null,
        1,
        1,
        1,
        null,
        1,
        null,
        1
      ],
      "/Users/allisonnorthrop/ada/break_work/standalone-exercises/grocery_store/lib/aisle.rb": [

      ],
      "/Users/allisonnorthrop/ada/break_work/standalone-exercises/grocery_store/lib/grocery_store.rb": [

      ],
      "/Users/allisonnorthrop/ada/break_work/standalone-exercises/grocery_store/specs/product_spec.rb": [
        1,
        null,
        1,
        null,
        1,
        1,
        1,
        null,
        null,
        null,
        null,
        null
      ]
    },
    "timestamp": 1490647241
  }
}
